<?xml version="1.0" encoding="UTF-8"?>
<!-- Generated by org.testng.reporters.JUnitXMLReporter -->
<testsuite ignored="1" hostname="LAPTOP-3624LDU7" failures="0" tests="2" name="Test" time="32.55" errors="0" timestamp="2020-01-06T19:23:08 IST">
  <testcase classname="testng_testcase_ignore_priority" name="testcase3" time="3.871"/>
  <testcase classname="testng_testcase_ignore_priority" name="testcase1" time="4.147"/>
  <testcase classname="testng_testcase_ignore_priority" name="testcase2" time="0.0">
    <ignored/>
  </testcase> <!-- testcase2 -->
</testsuite> <!-- Test -->
