<?xml version="1.0" encoding="UTF-8"?>
<testng-results ignored="0" total="3" passed="3" failed="0" skipped="0">
  <reporter-output>
  </reporter-output>
  <suite started-at="2020-01-09T14:30:38 IST" name="Default suite" finished-at="2020-01-09T14:30:41 IST" duration-ms="2706">
    <groups>
    </groups>
    <test started-at="2020-01-09T14:30:38 IST" name="Default test" finished-at="2020-01-09T14:30:41 IST" duration-ms="2706">
      <class name="testdataprovi">
        <test-method signature="test(java.lang.String, java.lang.String)[pri:0, instance:testdataprovi@78047b92]" started-at="2020-01-09T14:30:40 IST" name="test" data-provider="createUser" finished-at="2020-01-09T14:30:41 IST" duration-ms="20" status="PASS">
          <params>
            <param index="0">
              <value>
                <![CDATA[Nithya]]>
              </value>
            </param>
            <param index="1">
              <value>
                <![CDATA[abcd]]>
              </value>
            </param>
          </params>
          <reporter-output>
          </reporter-output>
        </test-method> <!-- test -->
        <test-method signature="test(java.lang.String, java.lang.String)[pri:0, instance:testdataprovi@78047b92]" started-at="2020-01-09T14:30:41 IST" name="test" data-provider="createUser" finished-at="2020-01-09T14:30:41 IST" duration-ms="5" status="PASS">
          <params>
            <param index="0">
              <value>
                <![CDATA[bhagya]]>
              </value>
            </param>
            <param index="1">
              <value>
                <![CDATA[efgh]]>
              </value>
            </param>
          </params>
          <reporter-output>
          </reporter-output>
        </test-method> <!-- test -->
        <test-method signature="test(java.lang.String, java.lang.String)[pri:0, instance:testdataprovi@78047b92]" started-at="2020-01-09T14:30:41 IST" name="test" data-provider="createUser" finished-at="2020-01-09T14:30:41 IST" duration-ms="3" status="PASS">
          <params>
            <param index="0">
              <value>
                <![CDATA[Diksha]]>
              </value>
            </param>
            <param index="1">
              <value>
                <![CDATA[12345.0]]>
              </value>
            </param>
          </params>
          <reporter-output>
          </reporter-output>
        </test-method> <!-- test -->
      </class> <!-- testdataprovi -->
    </test> <!-- Default test -->
  </suite> <!-- Default suite -->
</testng-results>
